SF:/Users/t/Developer/workos-node/packages/workos_sdk/src/common/serializers.ts
FN:8,serialize
FN:13,adaptListMetadata
FN:30,serializeList
FN:46,deserializeList
FN:65,serializeEvent
FN:75,deserializeEvent
FN:80,serializeDate
FN:85,serializeBoolean
FNDA:0,serialize
FNDA:6,adaptListMetadata
FNDA:0,serializeList
FNDA:3,deserializeList
FNDA:0,serializeEvent
FNDA:0,deserializeEvent
FNDA:0,serializeDate
FNDA:0,serializeBoolean
FNF:8
FNH:2
BRDA:14,2,0,2
BRDA:14,2,1,4
BRDA:19,2,2,0
BRDA:24,2,3,4
BRF:4
BRH:3
DA:8,0
DA:9,0
DA:10,0
DA:13,1
DA:14,7
DA:16,11
DA:19,0
DA:20,0
DA:21,0
DA:22,0
DA:23,0
DA:24,0
DA:26,11
DA:27,7
DA:30,0
DA:31,0
DA:32,0
DA:34,0
DA:35,0
DA:40,0
DA:41,0
DA:42,0
DA:43,0
DA:44,0
DA:46,1
DA:47,1
DA:48,1
DA:50,4
DA:51,4
DA:57,4
DA:58,4
DA:59,4
DA:60,4
DA:61,4
DA:62,4
DA:65,0
DA:66,0
DA:67,0
DA:68,0
DA:69,0
DA:70,0
DA:71,0
DA:72,0
DA:73,0
DA:75,0
DA:76,0
DA:77,0
DA:80,0
DA:81,0
DA:82,0
DA:85,0
DA:86,0
DA:87,0
LH:16
LF:53
end_of_record
SF:/Users/t/Developer/workos-node/packages/workos_sdk/src/common/utils/fetch-and-deserialize.ts
FN:10,setDefaultOptions
FN:29,isOptionsObject
FN:36,fetchAndDeserialize
FNDA:13,setDefaultOptions
FNDA:18,isOptionsObject
FNDA:18,fetchAndDeserialize
FNF:3
FNH:3
BRDA:13,1,0,0
BRDA:44,3,0,5
BRDA:58,3,1,2
BRDA:62,3,2,1
BRDA:65,3,3,0
BRDA:67,3,4,1
BRDA:70,3,5,0
BRDA:74,3,6,3
BRDA:74,3,7,1
BRDA:76,3,8,0
BRDA:78,3,9,2
BRDA:82,3,10,0
BRDA:84,3,11,0
BRDA:86,3,12,0
BRDA:96,3,13,13
BRDA:100,3,14,0
BRDA:102,3,15,13
BRDA:108,3,16,2
BRF:18
BRH:10
DA:8,1
DA:10,1
DA:11,14
DA:12,14
DA:13,0
DA:14,14
DA:15,1
DA:29,19
DA:30,19
DA:32,19
DA:33,19
DA:36,1
DA:37,1
DA:38,1
DA:39,1
DA:40,1
DA:41,1
DA:44,19
DA:45,24
DA:46,24
DA:47,24
DA:48,24
DA:49,24
DA:50,24
DA:51,24
DA:52,24
DA:53,24
DA:56,24
DA:58,24
DA:59,26
DA:60,26
DA:61,26
DA:62,26
DA:65,0
DA:66,0
DA:67,0
DA:68,27
DA:69,27
DA:70,27
DA:73,0
DA:74,0
DA:76,28
DA:77,0
DA:78,0
DA:80,29
DA:81,29
DA:82,29
DA:84,0
DA:85,29
DA:86,24
DA:89,0
DA:92,0
DA:93,0
DA:95,0
DA:96,0
DA:99,32
DA:100,0
DA:101,0
DA:102,0
DA:104,32
DA:105,32
DA:106,32
DA:107,32
DA:108,32
DA:111,21
DA:113,21
DA:114,19
LH:50
LF:67
end_of_record
